<?xml version="1.0" encoding="UTF-8"?>
<testng-results skipped="0" failed="0" total="2" passed="2">
  <reporter-output>
  </reporter-output>
  <suite name="Suite" duration-ms="38062" started-at="2015-10-06T02:52:05Z" finished-at="2015-10-06T02:52:43Z">
    <groups>
    </groups>
    <test name="Test" duration-ms="38062" started-at="2015-10-06T02:52:05Z" finished-at="2015-10-06T02:52:43Z">
      <class name="sample.Maven_Program">
        <test-method status="PASS" signature="beforeClass()[pri:0, instance:sample.Maven_Program@bc917c]" name="beforeClass" is-config="true" duration-ms="10176" started-at="2015-10-05T22:52:23Z" finished-at="2015-10-05T22:52:33Z">
          <reporter-output>
          </reporter-output>
        </test-method> <!-- beforeClass -->
        <test-method status="PASS" signature="f()[pri:0, instance:sample.Maven_Program@bc917c]" name="f" duration-ms="9394" started-at="2015-10-05T22:52:33Z" finished-at="2015-10-05T22:52:42Z">
          <reporter-output>
          </reporter-output>
        </test-method> <!-- f -->
        <test-method status="PASS" signature="afterClass()[pri:0, instance:sample.Maven_Program@bc917c]" name="afterClass" is-config="true" duration-ms="953" started-at="2015-10-05T22:52:42Z" finished-at="2015-10-05T22:52:43Z">
          <reporter-output>
          </reporter-output>
        </test-method> <!-- afterClass -->
      </class> <!-- sample.Maven_Program -->
      <class name="sample.Maven_Program1">
        <test-method status="PASS" signature="beforeClass()[pri:0, instance:sample.Maven_Program1@d207ad]" name="beforeClass" is-config="true" duration-ms="12351" started-at="2015-10-05T22:52:05Z" finished-at="2015-10-05T22:52:17Z">
          <reporter-output>
          </reporter-output>
        </test-method> <!-- beforeClass -->
        <test-method status="PASS" signature="f()[pri:0, instance:sample.Maven_Program1@d207ad]" name="f" duration-ms="4021" started-at="2015-10-05T22:52:17Z" finished-at="2015-10-05T22:52:21Z">
          <reporter-output>
          </reporter-output>
        </test-method> <!-- f -->
        <test-method status="PASS" signature="afterClass()[pri:0, instance:sample.Maven_Program1@d207ad]" name="afterClass" is-config="true" duration-ms="1078" started-at="2015-10-05T22:52:21Z" finished-at="2015-10-05T22:52:23Z">
          <reporter-output>
          </reporter-output>
        </test-method> <!-- afterClass -->
      </class> <!-- sample.Maven_Program1 -->
    </test> <!-- Test -->
  </suite> <!-- Suite -->
</testng-results>
